<?xml version="1.0" encoding="UTF-8"?>
<testng-results ignored="0" total="1" passed="1" failed="0" skipped="0">
  <reporter-output>
  </reporter-output>
  <suite started-at="2022-11-07T19:54:16 BRT" name="com.vhsantos.tests.SearchTest" finished-at="2022-11-07T19:54:26 BRT" duration-ms="10033">
    <groups>
    </groups>
    <test started-at="2022-11-07T19:54:16 BRT" name="Command line test" finished-at="2022-11-07T19:54:26 BRT" duration-ms="10033">
      <class name="com.vhsantos.tests.SearchTest">
        <test-method is-config="true" signature="setup()[pri:0, instance:com.vhsantos.tests.SearchTest@72d1ad2e]" started-at="2022-11-07T19:54:16 BRT" name="setup" finished-at="2022-11-07T19:54:21 BRT" duration-ms="4472" status="PASS">
          <reporter-output>
          </reporter-output>
        </test-method> <!-- setup -->
        <test-method signature="test_totalOfSearchResult()[pri:0, instance:com.vhsantos.tests.SearchTest@72d1ad2e]" started-at="2022-11-07T19:54:21 BRT" name="test_totalOfSearchResult" finished-at="2022-11-07T19:54:26 BRT" duration-ms="5266" status="PASS">
          <reporter-output>
          </reporter-output>
        </test-method> <!-- test_totalOfSearchResult -->
        <test-method is-config="true" signature="tearDown()[pri:0, instance:com.vhsantos.tests.SearchTest@72d1ad2e]" started-at="2022-11-07T19:54:26 BRT" name="tearDown" finished-at="2022-11-07T19:54:26 BRT" duration-ms="260" status="PASS">
          <reporter-output>
          </reporter-output>
        </test-method> <!-- tearDown -->
      </class> <!-- com.vhsantos.tests.SearchTest -->
    </test> <!-- Command line test -->
  </suite> <!-- com.vhsantos.tests.SearchTest -->
</testng-results>
