<?xml version="1.0" encoding="UTF-8"?>
<testng-results ignored="0" total="1" passed="1" failed="0" skipped="0">
  <reporter-output>
  </reporter-output>
  <suite started-at="2022-11-07T19:36:16 BRT" name="Default suite" finished-at="2022-11-07T19:36:24 BRT" duration-ms="7908">
    <groups>
    </groups>
    <test started-at="2022-11-07T19:36:16 BRT" name="Default test" finished-at="2022-11-07T19:36:24 BRT" duration-ms="7908">
      <class name="com.vhsantos.tests.SearchTest">
        <test-method is-config="true" signature="setup()[pri:0, instance:com.vhsantos.tests.SearchTest@3fb1549b]" started-at="2022-11-07T19:36:16 BRT" name="setup" finished-at="2022-11-07T19:36:18 BRT" duration-ms="2354" status="PASS">
          <reporter-output>
          </reporter-output>
        </test-method> <!-- setup -->
        <test-method signature="test_totalOfSearchResult()[pri:0, instance:com.vhsantos.tests.SearchTest@3fb1549b]" started-at="2022-11-07T19:36:18 BRT" name="test_totalOfSearchResult" finished-at="2022-11-07T19:36:24 BRT" duration-ms="5304" status="PASS">
          <reporter-output>
          </reporter-output>
        </test-method> <!-- test_totalOfSearchResult -->
        <test-method is-config="true" signature="tearDown()[pri:0, instance:com.vhsantos.tests.SearchTest@3fb1549b]" started-at="2022-11-07T19:36:24 BRT" name="tearDown" finished-at="2022-11-07T19:36:24 BRT" duration-ms="210" status="PASS">
          <reporter-output>
          </reporter-output>
        </test-method> <!-- tearDown -->
      </class> <!-- com.vhsantos.tests.SearchTest -->
    </test> <!-- Default test -->
  </suite> <!-- Default suite -->
</testng-results>
